<?xml version="1.0" encoding="UTF-8"?>
<!-- Generated by org.testng.reporters.JUnitReportReporter -->
<testsuite hostname="DESKTOP-6R86IG7" failures="0" tests="1" name="OnBoardingAppScenariosTest.OnBoardingAppLoginTest" time="12.219" errors="0" timestamp="16 Jan 2025 05:45:04 GMT" skipped="0">
  <testcase classname="OnBoardingAppScenariosTest.OnBoardingAppLoginTest" name="LoginTest" time="12.219"/>
</testsuite> <!-- OnBoardingAppScenariosTest.OnBoardingAppLoginTest -->
