<?xml version="1.0" encoding="UTF-8"?>
<!-- Generated by org.testng.reporters.JUnitReportReporter -->
<testsuite hostname="DESKTOP-6R86IG7" failures="0" tests="2" name="OnBoardingAppScenariosTest.OnBoardingAppLoginTest" time="47.377" errors="0" timestamp="11 Jan 2025 11:57:53 GMT" skipped="1">
  <testcase classname="OnBoardingAppScenariosTest.OnBoardingAppLoginTest" name="createContractTest" time="47.377"/>
  <testcase classname="OnBoardingAppScenariosTest.OnBoardingAppLoginTest" name="LoginTest">
    <skipped/>
  </testcase> <!-- LoginTest -->
</testsuite> <!-- OnBoardingAppScenariosTest.OnBoardingAppLoginTest -->
