<?xml version="1.0" encoding="UTF-8"?>
<!-- Generated by org.testng.reporters.JUnitReportReporter -->
<testsuite hostname="DESKTOP-6R86IG7" failures="0" tests="3" name="OnBoardingAppScenariosTest.OnBoardingAppLoginTest" time="233.434" errors="0" timestamp="17 Jan 2025 11:56:08 GMT" skipped="0">
  <testcase classname="OnBoardingAppScenariosTest.OnBoardingAppLoginTest" name="LoginTest" time="12.380"/>
  <testcase classname="OnBoardingAppScenariosTest.OnBoardingAppLoginTest" name="createContractTest" time="62.300"/>
  <testcase classname="OnBoardingAppScenariosTest.OnBoardingAppLoginTest" name="ContractAgreementTest" time="158.754"/>
</testsuite> <!-- OnBoardingAppScenariosTest.OnBoardingAppLoginTest -->
